<?xml version="1.0" encoding="UTF-8"?>
<!-- Generated by org.testng.reporters.JUnitReportReporter -->
<testsuite skipped="0" hostname="MUMSDALVI" name="org.automation.testcases.TC_001_Validate_Question_Template_Creation" tests="1" failures="0" timestamp="10 Dec 2020 04:04:09 GMT" time="62.595" errors="0">
  <testcase name="templateCreation" time="62.595" classname="org.automation.testcases.TC_001_Validate_Question_Template_Creation"/>
</testsuite> <!-- org.automation.testcases.TC_001_Validate_Question_Template_Creation -->
