<?xml version="1.0" encoding="UTF-8"?>
<!-- Generated by org.testng.reporters.JUnitReportReporter -->
<testsuite skipped="0" hostname="MUMSDALVI" name="org.automation.testcases.TC_005_Validate_Hide_Inactive_functionality" tests="1" failures="0" timestamp="09 Dec 2020 12:08:35 GMT" time="45.944" errors="0">
  <testcase name="HideInactiveCheckbox" time="45.944" classname="org.automation.testcases.TC_005_Validate_Hide_Inactive_functionality"/>
</testsuite> <!-- org.automation.testcases.TC_005_Validate_Hide_Inactive_functionality -->
