<?xml version="1.0" encoding="UTF-8"?>
<!-- Generated by org.testng.reporters.JUnitReportReporter -->
<testsuite skipped="0" hostname="MUMSDALVI" name="org.automation.testcases.TC_004_Validate_Columns_in_Listing_Screen" tests="1" failures="0" timestamp="09 Dec 2020 12:08:35 GMT" time="24.436" errors="0">
  <testcase name="validateColumns" time="24.436" classname="org.automation.testcases.TC_004_Validate_Columns_in_Listing_Screen"/>
</testsuite> <!-- org.automation.testcases.TC_004_Validate_Columns_in_Listing_Screen -->
