<?xml version="1.0" encoding="UTF-8"?>
<!-- Generated by org.testng.reporters.JUnitReportReporter -->
<testsuite skipped="0" hostname="MUMSDALVI" name="org.automation.testcases.TC_006_Validate_Error_Messages_Question_Template" tests="1" failures="0" timestamp="09 Dec 2020 12:08:35 GMT" time="35.615" errors="0">
  <testcase name="errorMessage" time="35.615" classname="org.automation.testcases.TC_006_Validate_Error_Messages_Question_Template"/>
</testsuite> <!-- org.automation.testcases.TC_006_Validate_Error_Messages_Question_Template -->
