<?xml version="1.0" encoding="UTF-8"?>
<!-- Generated by org.testng.reporters.JUnitReportReporter -->
<testsuite skipped="0" hostname="MUMSDALVI" name="org.automation.testcases.TC_007_Validate_Fields_Application_Question_Tab" tests="1" failures="0" timestamp="10 Dec 2020 04:04:09 GMT" time="30.277" errors="0">
  <testcase name="validateFields" time="30.277" classname="org.automation.testcases.TC_007_Validate_Fields_Application_Question_Tab"/>
</testsuite> <!-- org.automation.testcases.TC_007_Validate_Fields_Application_Question_Tab -->
