<?xml version="1.0" encoding="UTF-8"?>
<!-- Generated by org.testng.reporters.JUnitReportReporter -->
<testsuite skipped="0" hostname="MUMSDALVI" name="org.automation.testcases.TC_003_Validate_Multiselect_button_functionality" tests="1" failures="0" timestamp="10 Dec 2020 04:04:09 GMT" time="62.542" errors="0">
  <testcase name="SelectAllButton" time="62.542" classname="org.automation.testcases.TC_003_Validate_Multiselect_button_functionality"/>
</testsuite> <!-- org.automation.testcases.TC_003_Validate_Multiselect_button_functionality -->
