<?xml version="1.0" encoding="UTF-8"?>
<!-- Generated by org.testng.reporters.JUnitReportReporter -->
<testsuite skipped="0" hostname="MUMSDALVI" name="org.automation.testcases.TC_002_Validate_Template_Listing_Screen" tests="2" failures="0" timestamp="09 Dec 2020 12:08:35 GMT" time="48.397" errors="0">
  <testcase name="validateFieldsDisplayed" time="24.249" classname="org.automation.testcases.TC_002_Validate_Template_Listing_Screen"/>
  <testcase name="verifyValidationOnNoRecords" time="24.148" classname="org.automation.testcases.TC_002_Validate_Template_Listing_Screen"/>
</testsuite> <!-- org.automation.testcases.TC_002_Validate_Template_Listing_Screen -->
