<?xml version="1.0" encoding="UTF-8"?>
<!-- Generated by org.testng.reporters.JUnitReportReporter -->
<testsuite skipped="0" hostname="MUMSDALVI" name="org.automation.testcases.TC_001_Validate_Question_Template_Creation" tests="1" failures="0" timestamp="09 Dec 2020 12:08:35 GMT" time="59.623" errors="0">
  <testcase name="templateCreation" time="59.623" classname="org.automation.testcases.TC_001_Validate_Question_Template_Creation"/>
</testsuite> <!-- org.automation.testcases.TC_001_Validate_Question_Template_Creation -->
