<?xml version="1.0" encoding="UTF-8"?>
<!-- Generated by org.testng.reporters.JUnitReportReporter -->
<testsuite skipped="0" hostname="MUMSDALVI" name="org.automation.testcases.TC_002_Validate_Template_Listing_Screen" tests="2" failures="0" timestamp="10 Dec 2020 04:04:09 GMT" time="48.847" errors="0">
  <testcase name="validateFieldsDisplayed" time="24.520" classname="org.automation.testcases.TC_002_Validate_Template_Listing_Screen"/>
  <testcase name="verifyValidationOnNoRecords" time="24.327" classname="org.automation.testcases.TC_002_Validate_Template_Listing_Screen"/>
</testsuite> <!-- org.automation.testcases.TC_002_Validate_Template_Listing_Screen -->
