<?xml version="1.0" encoding="UTF-8"?>
<testsuite name="org.automation.testcases.TC_007_Validate_Fields_Application_Question_Tab" tests="1" skipped="0" failures="0" errors="0" timestamp="2020-12-09T12:07:10" hostname="MUMSDALVI" time="9.935">
  <properties/>
  <testcase name="validateFields" classname="org.automation.testcases.TC_007_Validate_Fields_Application_Question_Tab" time="9.935"/>
  <system-out><![CDATA[1
2
Status is:true
Required element is displayed://select[@id='select-template']
Status is:true
Required element is displayed://a[@title='edit' and @class='fa fa-edit fa-lg edit-mouseover']
Status is:true
Required element is displayed://input[@id='ask-for-education' or @name='ask_for_education']
Status is:false
Status is:true
Required element is displayed://input[@id='ask_for_experience' or @name='ask_for_experience']
Status is:false
Status is:true
Required element is displayed://input[@id='ask-for-eeoc']
Status is:true
Required element is displayed://input[@id='ask-for-disability']
Status is:true
Required element is displayed://label[contains(text(),'Additional Questions')]
Status is:true
Required element is displayed://input[@type='button' and @value='Save']
Status is:true
Required element is displayed://input[@type='button' and @value='Return to Position List']
]]></system-out>
  <system-err><![CDATA[Starting ChromeDriver 86.0.4240.22 (398b0743353ff36fb1b82468f63a3a93b4e2e89e-refs/branch-heads/4240@{#378}) on port 16286
Only local connections are allowed.
Please see https://chromedriver.chromium.org/security-considerations for suggestions on keeping ChromeDriver safe.
ChromeDriver was started successfully.
[1607515612.522][WARNING]: This version of ChromeDriver has not been tested with Chrome version 87.
Dec 09, 2020 5:36:54 PM org.openqa.selenium.remote.ProtocolHandshake createSession
INFO: Detected dialect: W3C
]]></system-err>
</testsuite>
