<?xml version="1.0" encoding="UTF-8"?>
<testsuite name="org.automation.testcases.TC_003_Validate_Multiselect_button_functionality" tests="1" skipped="0" failures="0" errors="0" timestamp="2020-12-10T03:59:52" hostname="MUMSDALVI" time="42.992">
  <properties/>
  <testcase name="SelectAllButton" classname="org.automation.testcases.TC_003_Validate_Multiselect_button_functionality" time="42.992"/>
  <system-out><![CDATA[1
2
Template name generated is:QAEngineer6950
]]></system-out>
  <system-err><![CDATA[Starting ChromeDriver 86.0.4240.22 (398b0743353ff36fb1b82468f63a3a93b4e2e89e-refs/branch-heads/4240@{#378}) on port 32616
Only local connections are allowed.
Please see https://chromedriver.chromium.org/security-considerations for suggestions on keeping ChromeDriver safe.
ChromeDriver was started successfully.
[1607572774.571][WARNING]: This version of ChromeDriver has not been tested with Chrome version 87.
Dec 10, 2020 9:29:36 AM org.openqa.selenium.remote.ProtocolHandshake createSession
INFO: Detected dialect: W3C
]]></system-err>
</testsuite>
