<?xml version="1.0" encoding="UTF-8"?>
<!-- Generated by org.testng.reporters.JUnitReportReporter -->
<testsuite skipped="0" hostname="MUMSDALVI" name="org.automation.testcases.TC_008_Iframe_New_Window" tests="1" failures="0" timestamp="10 Dec 2020 04:24:09 GMT" time="32.503" errors="0">
  <testcase name="WindowHandleDemo" time="32.503" classname="org.automation.testcases.TC_008_Iframe_New_Window"/>
</testsuite> <!-- org.automation.testcases.TC_008_Iframe_New_Window -->
